<?xml version="1.0" encoding="UTF-8"?>
<testsuite name="org.springframework.samples.petclinic.owner.OwnerControllerTests" tests="12" skipped="0" failures="0" errors="0" timestamp="2023-03-22T05:12:09" hostname="MZC01-MINSEO_KI" time="0.455">
  <properties/>
  <testcase name="testProcessUpdateOwnerFormHasErrors()" classname="org.springframework.samples.petclinic.owner.OwnerControllerTests" time="0.194"/>
  <testcase name="testProcessCreationFormSuccess()" classname="org.springframework.samples.petclinic.owner.OwnerControllerTests" time="0.015"/>
  <testcase name="testInitFindForm()" classname="org.springframework.samples.petclinic.owner.OwnerControllerTests" time="0.024"/>
  <testcase name="testShowOwner()" classname="org.springframework.samples.petclinic.owner.OwnerControllerTests" time="0.05"/>
  <testcase name="testInitUpdateOwnerForm()" classname="org.springframework.samples.petclinic.owner.OwnerControllerTests" time="0.021"/>
  <testcase name="testInitCreationForm()" classname="org.springframework.samples.petclinic.owner.OwnerControllerTests" time="0.022"/>
  <testcase name="testProcessFindFormByLastName()" classname="org.springframework.samples.petclinic.owner.OwnerControllerTests" time="0.015"/>
  <testcase name="testProcessFindFormNoOwnersFound()" classname="org.springframework.samples.petclinic.owner.OwnerControllerTests" time="0.021"/>
  <testcase name="testProcessFindFormSuccess()" classname="org.springframework.samples.petclinic.owner.OwnerControllerTests" time="0.036"/>
  <testcase name="testProcessUpdateOwnerFormSuccess()" classname="org.springframework.samples.petclinic.owner.OwnerControllerTests" time="0.013"/>
  <testcase name="testProcessCreationFormHasErrors()" classname="org.springframework.samples.petclinic.owner.OwnerControllerTests" time="0.017"/>
  <testcase name="testProcessUpdateOwnerFormUnchangedSuccess()" classname="org.springframework.samples.petclinic.owner.OwnerControllerTests" time="0.008"/>
  <system-out><![CDATA[2023-03-22T14:12:08.886+09:00  INFO 21436 --- [    Test worker] t.c.s.AnnotationConfigContextLoaderUtils : Could not detect default configuration classes for test class [org.springframework.samples.petclinic.owner.OwnerControllerTests]: OwnerControllerTests does not declare any static, non-private, non-final, nested classes annotated with @Configuration.
2023-03-22T14:12:08.940+09:00  INFO 21436 --- [    Test worker] .b.t.c.SpringBootTestContextBootstrapper : Found @SpringBootConfiguration org.springframework.samples.petclinic.PetClinicApplication for test class org.springframework.samples.petclinic.owner.OwnerControllerTests


              |\      _,,,--,,_
             /,`.-'`'   ._  \-;;,_
  _______ __|,4-  ) )_   .;.(__`'-'__     ___ __    _ ___ _______
 |       | '---''(_/._)-'(_\_)   |   |   |   |  |  | |   |       |
 |    _  |    ___|_     _|       |   |   |   |   |_| |   |       | __ _ _
 |   |_| |   |___  |   | |       |   |   |   |       |   |       | \ \ \ \
 |    ___|    ___| |   | |      _|   |___|   |  _    |   |      _|  \ \ \ \
 |   |   |   |___  |   | |     |_|       |   | | |   |   |     |_    ) ) ) )
 |___|   |_______| |___| |_______|_______|___|_|  |__|___|_______|  / / / /
 ==================================================================/_/_/_/

:: Built with Spring Boot :: 3.0.4


2023-03-22T14:12:08.972+09:00  INFO 21436 --- [    Test worker] o.s.s.p.owner.OwnerControllerTests       : Starting OwnerControllerTests using Java 17.0.6 with PID 21436 (started by MZC01-MINSEO_KIM89 in D:\USB\Git\SpringBootCICDforAzure\spring-petclinic)
2023-03-22T14:12:08.972+09:00  INFO 21436 --- [    Test worker] o.s.s.p.owner.OwnerControllerTests       : No active profile set, falling back to 1 default profile: "default"
2023-03-22T14:12:09.452+09:00  INFO 21436 --- [    Test worker] o.s.b.t.m.w.SpringBootMockServletContext : Initializing Spring TestDispatcherServlet ''
2023-03-22T14:12:09.452+09:00  INFO 21436 --- [    Test worker] o.s.t.web.servlet.TestDispatcherServlet  : Initializing Servlet ''
2023-03-22T14:12:09.452+09:00  INFO 21436 --- [    Test worker] o.s.t.web.servlet.TestDispatcherServlet  : Completed initialization in 0 ms
2023-03-22T14:12:09.465+09:00  INFO 21436 --- [    Test worker] o.s.s.p.owner.OwnerControllerTests       : Started OwnerControllerTests in 0.516 seconds (process running for 13.102)
]]></system-out>
  <system-err><![CDATA[]]></system-err>
</testsuite>
