<?xml version="1.0" encoding="UTF-8"?>
<testsuite name="org.springframework.samples.petclinic.vet.VetTests" tests="1" skipped="0" failures="0" errors="0" timestamp="2023-03-22T05:12:12" hostname="MZC01-MINSEO_KI" time="0.006">
  <properties/>
  <testcase name="testSerialization()" classname="org.springframework.samples.petclinic.vet.VetTests" time="0.006"/>
  <system-out><![CDATA[]]></system-out>
  <system-err><![CDATA[]]></system-err>
</testsuite>
