<?xml version="1.0" encoding="UTF-8"?>
<testsuite name="org.springframework.samples.petclinic.owner.PetTypeFormatterTests" tests="3" skipped="0" failures="0" errors="0" timestamp="2023-03-22T05:12:10" hostname="MZC01-MINSEO_KI" time="0.046">
  <properties/>
  <testcase name="shouldThrowParseException()" classname="org.springframework.samples.petclinic.owner.PetTypeFormatterTests" time="0.042"/>
  <testcase name="testPrint()" classname="org.springframework.samples.petclinic.owner.PetTypeFormatterTests" time="0.001"/>
  <testcase name="shouldParse()" classname="org.springframework.samples.petclinic.owner.PetTypeFormatterTests" time="0.001"/>
  <system-out><![CDATA[]]></system-out>
  <system-err><![CDATA[]]></system-err>
</testsuite>
