<?xml version="1.0" encoding="UTF-8"?>
<testsuite name="org.springframework.samples.petclinic.system.CrashControllerTests" tests="1" skipped="1" failures="0" errors="0" timestamp="2023-03-27T08:15:09" hostname="MZC01-MINSEO_KI" time="0.0">
  <properties/>
  <testcase name="testTriggerException()" classname="org.springframework.samples.petclinic.system.CrashControllerTests" time="0.0">
    <skipped/>
  </testcase>
  <system-out><![CDATA[]]></system-out>
  <system-err><![CDATA[]]></system-err>
</testsuite>
