<?xml version="1.0" encoding="UTF-8"?>
<testsuite name="org.springframework.samples.petclinic.vet.VetControllerTests" tests="2" skipped="0" failures="0" errors="0" timestamp="2023-03-22T05:12:11" hostname="MZC01-MINSEO_KI" time="0.169">
  <properties/>
  <testcase name="testShowVetListHtml()" classname="org.springframework.samples.petclinic.vet.VetControllerTests" time="0.031"/>
  <testcase name="testShowResourcesVetList()" classname="org.springframework.samples.petclinic.vet.VetControllerTests" time="0.137"/>
  <system-out><![CDATA[2023-03-22T14:12:11.607+09:00  INFO 21436 --- [    Test worker] t.c.s.AnnotationConfigContextLoaderUtils : Could not detect default configuration classes for test class [org.springframework.samples.petclinic.vet.VetControllerTests]: VetControllerTests does not declare any static, non-private, non-final, nested classes annotated with @Configuration.
2023-03-22T14:12:11.629+09:00  INFO 21436 --- [    Test worker] .b.t.c.SpringBootTestContextBootstrapper : Found @SpringBootConfiguration org.springframework.samples.petclinic.PetClinicApplication for test class org.springframework.samples.petclinic.vet.VetControllerTests


              |\      _,,,--,,_
             /,`.-'`'   ._  \-;;,_
  _______ __|,4-  ) )_   .;.(__`'-'__     ___ __    _ ___ _______
 |       | '---''(_/._)-'(_\_)   |   |   |   |  |  | |   |       |
 |    _  |    ___|_     _|       |   |   |   |   |_| |   |       | __ _ _
 |   |_| |   |___  |   | |       |   |   |   |       |   |       | \ \ \ \
 |    ___|    ___| |   | |      _|   |___|   |  _    |   |      _|  \ \ \ \
 |   |   |   |___  |   | |     |_|       |   | | |   |   |     |_    ) ) ) )
 |___|   |_______| |___| |_______|_______|___|_|  |__|___|_______|  / / / /
 ==================================================================/_/_/_/

:: Built with Spring Boot :: 3.0.4


2023-03-22T14:12:11.659+09:00  INFO 21436 --- [    Test worker] o.s.s.petclinic.vet.VetControllerTests   : Starting VetControllerTests using Java 17.0.6 with PID 21436 (started by MZC01-MINSEO_KIM89 in D:\USB\Git\SpringBootCICDforAzure\spring-petclinic)
2023-03-22T14:12:11.659+09:00  INFO 21436 --- [    Test worker] o.s.s.petclinic.vet.VetControllerTests   : No active profile set, falling back to 1 default profile: "default"
2023-03-22T14:12:11.880+09:00  INFO 21436 --- [    Test worker] o.s.b.t.m.w.SpringBootMockServletContext : Initializing Spring TestDispatcherServlet ''
2023-03-22T14:12:11.880+09:00  INFO 21436 --- [    Test worker] o.s.t.web.servlet.TestDispatcherServlet  : Initializing Servlet ''
2023-03-22T14:12:11.881+09:00  INFO 21436 --- [    Test worker] o.s.t.web.servlet.TestDispatcherServlet  : Completed initialization in 1 ms
2023-03-22T14:12:11.885+09:00  INFO 21436 --- [    Test worker] o.s.s.petclinic.vet.VetControllerTests   : Started VetControllerTests in 0.252 seconds (process running for 15.522)
]]></system-out>
  <system-err><![CDATA[]]></system-err>
</testsuite>
